# JRE version: Java(TM) SE Runtime Environment (7.0_45-b18) (build 1.7.0_45-b18)
# Java VM: Java HotSpot(TM) 64-Bit Server VM (24.45-b08 mixed mode windows-amd64 compressed oops)
Heap
 PSYoungGen      total 270336K, used 154844K [0x00000007d5f00000, 0x00000007e7100000, 0x0000000800000000)
  eden space 260096K, 57% used [0x00000007d5f00000,0x00000007df07f170,0x00000007e5d00000)
  from space 10240K, 57% used [0x00000007e6700000,0x00000007e6cb8050,0x00000007e7100000)
  to   space 10240K, 0% used [0x00000007e5d00000,0x00000007e5d00000,0x00000007e6700000)
 ParOldGen       total 86016K, used 10358K [0x0000000781e00000, 0x0000000787200000, 0x00000007d5f00000)
  object space 86016K, 12% used [0x0000000781e00000,0x000000078281d900,0x0000000787200000)
 PSPermGen       total 21504K, used 7467K [0x000000077cc00000, 0x000000077e100000, 0x0000000781e00000)
  object space 21504K, 34% used [0x000000077cc00000,0x000000077d34afd8,0x000000077e100000)
GC Heap History (10 events):
Event: 1.103 GC heap before
{Heap before GC invocations=4 (full 0):
 PSYoungGen      total 37888K, used 37325K [0x00000007d5f00000, 0x00000007da900000, 0x0000000800000000)
  eden space 32768K, 98% used [0x00000007d5f00000,0x00000007d7e77470,0x00000007d7f00000)
  from space 5120K, 99% used [0x00000007d7f00000,0x00000007d83fc050,0x00000007d8400000)
  to   space 5120K, 0% used [0x00000007da400000,0x00000007da400000,0x00000007da900000)
 ParOldGen       total 86016K, used 5242K [0x0000000781e00000, 0x0000000787200000, 0x00000007d5f00000)
  object space 86016K, 6% used [0x0000000781e00000,0x000000078231ebf0,0x0000000787200000)
 PSPermGen       total 21504K, used 7233K [0x000000077cc00000, 0x000000077e100000, 0x0000000781e00000)
  object space 21504K, 33% used [0x000000077cc00000,0x000000077d310688,0x000000077e100000)
Event: 1.106 GC heap after
Heap after GC invocations=4 (full 0):
 PSYoungGen      total 70656K, used 3104K [0x00000007d5f00000, 0x00000007da900000, 0x0000000800000000)
  eden space 65536K, 0% used [0x00000007d5f00000,0x00000007d5f00000,0x00000007d9f00000)
  from space 5120K, 60% used [0x00000007da400000,0x00000007da708020,0x00000007da900000)
  to   space 5120K, 0% used [0x00000007d9f00000,0x00000007d9f00000,0x00000007da400000)
 ParOldGen       total 86016K, used 5242K [0x0000000781e00000, 0x0000000787200000, 0x00000007d5f00000)
  object space 86016K, 6% used [0x0000000781e00000,0x000000078231ebf0,0x0000000787200000)
 PSPermGen       total 21504K, used 7233K [0x000000077cc00000, 0x000000077e100000, 0x0000000781e00000)
  object space 21504K, 33% used [0x000000077cc00000,0x000000077d310688,0x000000077e100000)
}
Event: 1.361 GC heap before
{Heap before GC invocations=5 (full 0):
 PSYoungGen      total 70656K, used 68640K [0x00000007d5f00000, 0x00000007da900000, 0x0000000800000000)
  eden space 65536K, 100% used [0x00000007d5f00000,0x00000007d9f00000,0x00000007d9f00000)
  from space 5120K, 60% used [0x00000007da400000,0x00000007da708020,0x00000007da900000)
  to   space 5120K, 0% used [0x00000007d9f00000,0x00000007d9f00000,0x00000007da400000)
 ParOldGen       total 86016K, used 5242K [0x0000000781e00000, 0x0000000787200000, 0x00000007d5f00000)
  object space 86016K, 6% used [0x0000000781e00000,0x000000078231ebf0,0x0000000787200000)
 PSPermGen       total 21504K, used 7281K [0x000000077cc00000, 0x000000077e100000, 0x0000000781e00000)
  object space 21504K, 33% used [0x000000077cc00000,0x000000077d31c6d8,0x000000077e100000)
Event: 1.364 GC heap after
Heap after GC invocations=5 (full 0):
 PSYoungGen      total 70656K, used 5104K [0x00000007d5f00000, 0x00000007df100000, 0x0000000800000000)
  eden space 65536K, 0% used [0x00000007d5f00000,0x00000007d5f00000,0x00000007d9f00000)
  from space 5120K, 99% used [0x00000007d9f00000,0x00000007da3fc050,0x00000007da400000)
  to   space 9216K, 0% used [0x00000007de800000,0x00000007de800000,0x00000007df100000)
 ParOldGen       total 86016K, used 7539K [0x0000000781e00000, 0x0000000787200000, 0x00000007d5f00000)
  object space 86016K, 8% used [0x0000000781e00000,0x000000078255cc10,0x0000000787200000)
 PSPermGen       total 21504K, used 7281K [0x000000077cc00000, 0x000000077e100000, 0x0000000781e00000)
  object space 21504K, 33% used [0x000000077cc00000,0x000000077d31c6d8,0x000000077e100000)
}
Event: 1.600 GC heap before
{Heap before GC invocations=6 (full 0):
 PSYoungGen      total 70656K, used 70640K [0x00000007d5f00000, 0x00000007df100000, 0x0000000800000000)
  eden space 65536K, 100% used [0x00000007d5f00000,0x00000007d9f00000,0x00000007d9f00000)
  from space 5120K, 99% used [0x00000007d9f00000,0x00000007da3fc050,0x00000007da400000)
  to   space 9216K, 0% used [0x00000007de800000,0x00000007de800000,0x00000007df100000)
 ParOldGen       total 86016K, used 7539K [0x0000000781e00000, 0x0000000787200000, 0x00000007d5f00000)
  object space 86016K, 8% used [0x0000000781e00000,0x000000078255cc10,0x0000000787200000)
 PSPermGen       total 21504K, used 7354K [0x000000077cc00000, 0x000000077e100000, 0x0000000781e00000)
  object space 21504K, 34% used [0x000000077cc00000,0x000000077d32e9d0,0x000000077e100000)
Event: 1.603 GC heap after
Heap after GC invocations=6 (full 0):
 PSYoungGen      total 139264K, used 8288K [0x00000007d5f00000, 0x00000007df300000, 0x0000000800000000)
  eden space 130048K, 0% used [0x00000007d5f00000,0x00000007d5f00000,0x00000007dde00000)
  from space 9216K, 89% used [0x00000007de800000,0x00000007df018070,0x00000007df100000)
  to   space 10240K, 0% used [0x00000007dde00000,0x00000007dde00000,0x00000007de800000)
 ParOldGen       total 86016K, used 7547K [0x0000000781e00000, 0x0000000787200000, 0x00000007d5f00000)
  object space 86016K, 8% used [0x0000000781e00000,0x000000078255ec10,0x0000000787200000)
 PSPermGen       total 21504K, used 7354K [0x000000077cc00000, 0x000000077e100000, 0x0000000781e00000)
  object space 21504K, 34% used [0x000000077cc00000,0x000000077d32e9d0,0x000000077e100000)
}
Event: 2.065 GC heap before
{Heap before GC invocations=7 (full 0):
 PSYoungGen      total 139264K, used 138336K [0x00000007d5f00000, 0x00000007df300000, 0x0000000800000000)
  eden space 130048K, 100% used [0x00000007d5f00000,0x00000007dde00000,0x00000007dde00000)
  from space 9216K, 89% used [0x00000007de800000,0x00000007df018070,0x00000007df100000)
  to   space 10240K, 0% used [0x00000007dde00000,0x00000007dde00000,0x00000007de800000)
 ParOldGen       total 86016K, used 7547K [0x0000000781e00000, 0x0000000787200000, 0x00000007d5f00000)
  object space 86016K, 8% used [0x0000000781e00000,0x000000078255ec10,0x0000000787200000)
 PSPermGen       total 21504K, used 7364K [0x000000077cc00000, 0x000000077e100000, 0x0000000781e00000)
  object space 21504K, 34% used [0x000000077cc00000,0x000000077d331260,0x000000077e100000)
Event: 2.068 GC heap after
Heap after GC invocations=7 (full 0):
 PSYoungGen      total 140288K, used 2816K [0x00000007d5f00000, 0x00000007e7100000, 0x0000000800000000)
  eden space 130048K, 0% used [0x00000007d5f00000,0x00000007d5f00000,0x00000007dde00000)
  from space 10240K, 27% used [0x00000007dde00000,0x00000007de0c0020,0x00000007de800000)
  to   space 10240K, 0% used [0x00000007e6700000,0x00000007e6700000,0x00000007e7100000)
 ParOldGen       total 86016K, used 9262K [0x0000000781e00000, 0x0000000787200000, 0x00000007d5f00000)
  object space 86016K, 10% used [0x0000000781e00000,0x000000078270b8f0,0x0000000787200000)
 PSPermGen       total 21504K, used 7364K [0x000000077cc00000, 0x000000077e100000, 0x0000000781e00000)
  object space 21504K, 34% used [0x000000077cc00000,0x000000077d331260,0x000000077e100000)
}
Event: 2.484 GC heap before
{Heap before GC invocations=8 (full 0):
 PSYoungGen      total 140288K, used 132864K [0x00000007d5f00000, 0x00000007e7100000, 0x0000000800000000)
  eden space 130048K, 100% used [0x00000007d5f00000,0x00000007dde00000,0x00000007dde00000)
  from space 10240K, 27% used [0x00000007dde00000,0x00000007de0c0020,0x00000007de800000)
  to   space 10240K, 0% used [0x00000007e6700000,0x00000007e6700000,0x00000007e7100000)
 ParOldGen       total 86016K, used 9262K [0x0000000781e00000, 0x0000000787200000, 0x00000007d5f00000)
  object space 86016K, 10% used [0x0000000781e00000,0x000000078270b8f0,0x0000000787200000)
 PSPermGen       total 21504K, used 7364K [0x000000077cc00000, 0x000000077e100000, 0x0000000781e00000)
  object space 21504K, 34% used [0x000000077cc00000,0x000000077d3312a0,0x000000077e100000)
Event: 2.487 GC heap after
Heap after GC invocations=8 (full 0):
 PSYoungGen      total 270336K, used 5856K [0x00000007d5f00000, 0x00000007e7100000, 0x0000000800000000)
  eden space 260096K, 0% used [0x00000007d5f00000,0x00000007d5f00000,0x00000007e5d00000)
  from space 10240K, 57% used [0x00000007e6700000,0x00000007e6cb8050,0x00000007e7100000)
  to   space 10240K, 0% used [0x00000007e5d00000,0x00000007e5d00000,0x00000007e6700000)
 ParOldGen       total 86016K, used 10358K [0x0000000781e00000, 0x0000000787200000, 0x00000007d5f00000)
  object space 86016K, 12% used [0x0000000781e00000,0x000000078281d900,0x0000000787200000)
 PSPermGen       total 21504K, used 7364K [0x000000077cc00000, 0x000000077e100000, 0x0000000781e00000)
  object space 21504K, 34% used [0x000000077cc00000,0x000000077d3312a0,0x000000077e100000)
}

