# JRE version: Java(TM) SE Runtime Environment (7.0_45-b18) (build 1.7.0_45-b18)
# Java VM: Java HotSpot(TM) 64-Bit Server VM (24.45-b08 mixed mode windows-amd64 compressed oops)
Heap
 PSYoungGen      total 271872K, used 150072K [0x00000007d5f00000, 0x00000007e7200000, 0x0000000800000000)
  eden space 262144K, 54% used [0x00000007d5f00000,0x00000007dead02b8,0x00000007e5f00000)
  from space 9728K, 70% used [0x00000007e6880000,0x00000007e6f3e070,0x00000007e7200000)
  to   space 9728K, 0% used [0x00000007e5f00000,0x00000007e5f00000,0x00000007e6880000)
 ParOldGen       total 86016K, used 6240K [0x0000000781e00000, 0x0000000787200000, 0x00000007d5f00000)
  object space 86016K, 7% used [0x0000000781e00000,0x00000007824181d0,0x0000000787200000)
 PSPermGen       total 21504K, used 7467K [0x000000077cc00000, 0x000000077e100000, 0x0000000781e00000)
  object space 21504K, 34% used [0x000000077cc00000,0x000000077d34afb8,0x000000077e100000)
GC Heap History (10 events):
Event: 1.087 GC heap before
{Heap before GC invocations=4 (full 0):
 PSYoungGen      total 37888K, used 37309K [0x00000007d5f00000, 0x00000007da900000, 0x0000000800000000)
  eden space 32768K, 98% used [0x00000007d5f00000,0x00000007d7e77470,0x00000007d7f00000)
  from space 5120K, 99% used [0x00000007d7f00000,0x00000007d83f8040,0x00000007d8400000)
  to   space 5120K, 0% used [0x00000007da400000,0x00000007da400000,0x00000007da900000)
 ParOldGen       total 86016K, used 3225K [0x0000000781e00000, 0x0000000787200000, 0x00000007d5f00000)
  object space 86016K, 3% used [0x0000000781e00000,0x00000007821264d0,0x0000000787200000)
 PSPermGen       total 21504K, used 7233K [0x000000077cc00000, 0x000000077e100000, 0x0000000781e00000)
  object space 21504K, 33% used [0x000000077cc00000,0x000000077d310668,0x000000077e100000)
Event: 1.089 GC heap after
Heap after GC invocations=4 (full 0):
 PSYoungGen      total 70656K, used 2048K [0x00000007d5f00000, 0x00000007da900000, 0x0000000800000000)
  eden space 65536K, 0% used [0x00000007d5f00000,0x00000007d5f00000,0x00000007d9f00000)
  from space 5120K, 40% used [0x00000007da400000,0x00000007da600010,0x00000007da900000)
  to   space 5120K, 0% used [0x00000007d9f00000,0x00000007d9f00000,0x00000007da400000)
 ParOldGen       total 86016K, used 3225K [0x0000000781e00000, 0x0000000787200000, 0x00000007d5f00000)
  object space 86016K, 3% used [0x0000000781e00000,0x00000007821264d0,0x0000000787200000)
 PSPermGen       total 21504K, used 7233K [0x000000077cc00000, 0x000000077e100000, 0x0000000781e00000)
  object space 21504K, 33% used [0x000000077cc00000,0x000000077d310668,0x000000077e100000)
}
Event: 1.348 GC heap before
{Heap before GC invocations=5 (full 0):
 PSYoungGen      total 70656K, used 67584K [0x00000007d5f00000, 0x00000007da900000, 0x0000000800000000)
  eden space 65536K, 100% used [0x00000007d5f00000,0x00000007d9f00000,0x00000007d9f00000)
  from space 5120K, 40% used [0x00000007da400000,0x00000007da600010,0x00000007da900000)
  to   space 5120K, 0% used [0x00000007d9f00000,0x00000007d9f00000,0x00000007da400000)
 ParOldGen       total 86016K, used 3225K [0x0000000781e00000, 0x0000000787200000, 0x00000007d5f00000)
  object space 86016K, 3% used [0x0000000781e00000,0x00000007821264d0,0x0000000787200000)
 PSPermGen       total 21504K, used 7281K [0x000000077cc00000, 0x000000077e100000, 0x0000000781e00000)
  object space 21504K, 33% used [0x000000077cc00000,0x000000077d31c6b8,0x000000077e100000)
Event: 1.351 GC heap after
Heap after GC invocations=5 (full 0):
 PSYoungGen      total 70656K, used 5088K [0x00000007d5f00000, 0x00000007df000000, 0x0000000800000000)
  eden space 65536K, 0% used [0x00000007d5f00000,0x00000007d5f00000,0x00000007d9f00000)
  from space 5120K, 99% used [0x00000007d9f00000,0x00000007da3f8040,0x00000007da400000)
  to   space 8704K, 0% used [0x00000007de780000,0x00000007de780000,0x00000007df000000)
 ParOldGen       total 86016K, used 4481K [0x0000000781e00000, 0x0000000787200000, 0x00000007d5f00000)
  object space 86016K, 5% used [0x0000000781e00000,0x00000007822604e0,0x0000000787200000)
 PSPermGen       total 21504K, used 7281K [0x000000077cc00000, 0x000000077e100000, 0x0000000781e00000)
  object space 21504K, 33% used [0x000000077cc00000,0x000000077d31c6b8,0x000000077e100000)
}
Event: 1.592 GC heap before
{Heap before GC invocations=6 (full 0):
 PSYoungGen      total 70656K, used 70624K [0x00000007d5f00000, 0x00000007df000000, 0x0000000800000000)
  eden space 65536K, 100% used [0x00000007d5f00000,0x00000007d9f00000,0x00000007d9f00000)
  from space 5120K, 99% used [0x00000007d9f00000,0x00000007da3f8040,0x00000007da400000)
  to   space 8704K, 0% used [0x00000007de780000,0x00000007de780000,0x00000007df000000)
 ParOldGen       total 86016K, used 4481K [0x0000000781e00000, 0x0000000787200000, 0x00000007d5f00000)
  object space 86016K, 5% used [0x0000000781e00000,0x00000007822604e0,0x0000000787200000)
 PSPermGen       total 21504K, used 7354K [0x000000077cc00000, 0x000000077e100000, 0x0000000781e00000)
  object space 21504K, 34% used [0x000000077cc00000,0x000000077d32e9b0,0x000000077e100000)
Event: 1.595 GC heap after
Heap after GC invocations=6 (full 0):
 PSYoungGen      total 139776K, used 6208K [0x00000007d5f00000, 0x00000007df000000, 0x0000000800000000)
  eden space 131072K, 0% used [0x00000007d5f00000,0x00000007d5f00000,0x00000007ddf00000)
  from space 8704K, 71% used [0x00000007de780000,0x00000007ded90050,0x00000007df000000)
  to   space 8704K, 0% used [0x00000007ddf00000,0x00000007ddf00000,0x00000007de780000)
 ParOldGen       total 86016K, used 4489K [0x0000000781e00000, 0x0000000787200000, 0x00000007d5f00000)
  object space 86016K, 5% used [0x0000000781e00000,0x00000007822624e0,0x0000000787200000)
 PSPermGen       total 21504K, used 7354K [0x000000077cc00000, 0x000000077e100000, 0x0000000781e00000)
  object space 21504K, 34% used [0x000000077cc00000,0x000000077d32e9b0,0x000000077e100000)
}
Event: 2.070 GC heap before
{Heap before GC invocations=7 (full 0):
 PSYoungGen      total 139776K, used 137280K [0x00000007d5f00000, 0x00000007df000000, 0x0000000800000000)
  eden space 131072K, 100% used [0x00000007d5f00000,0x00000007ddf00000,0x00000007ddf00000)
  from space 8704K, 71% used [0x00000007de780000,0x00000007ded90050,0x00000007df000000)
  to   space 8704K, 0% used [0x00000007ddf00000,0x00000007ddf00000,0x00000007de780000)
 ParOldGen       total 86016K, used 4489K [0x0000000781e00000, 0x0000000787200000, 0x00000007d5f00000)
  object space 86016K, 5% used [0x0000000781e00000,0x00000007822624e0,0x0000000787200000)
 PSPermGen       total 21504K, used 7364K [0x000000077cc00000, 0x000000077e100000, 0x0000000781e00000)
  object space 21504K, 34% used [0x000000077cc00000,0x000000077d331260,0x000000077e100000)
Event: 2.073 GC heap after
Heap after GC invocations=7 (full 0):
 PSYoungGen      total 139776K, used 7960K [0x00000007d5f00000, 0x00000007e7200000, 0x0000000800000000)
  eden space 131072K, 0% used [0x00000007d5f00000,0x00000007d5f00000,0x00000007ddf00000)
  from space 8704K, 91% used [0x00000007ddf00000,0x00000007de6c6080,0x00000007de780000)
  to   space 9728K, 0% used [0x00000007e6880000,0x00000007e6880000,0x00000007e7200000)
 ParOldGen       total 86016K, used 6176K [0x0000000781e00000, 0x0000000787200000, 0x00000007d5f00000)
  object space 86016K, 7% used [0x0000000781e00000,0x00000007824081d0,0x0000000787200000)
 PSPermGen       total 21504K, used 7364K [0x000000077cc00000, 0x000000077e100000, 0x0000000781e00000)
  object space 21504K, 34% used [0x000000077cc00000,0x000000077d331260,0x000000077e100000)
}
Event: 2.511 GC heap before
{Heap before GC invocations=8 (full 0):
 PSYoungGen      total 139776K, used 139032K [0x00000007d5f00000, 0x00000007e7200000, 0x0000000800000000)
  eden space 131072K, 100% used [0x00000007d5f00000,0x00000007ddf00000,0x00000007ddf00000)
  from space 8704K, 91% used [0x00000007ddf00000,0x00000007de6c6080,0x00000007de780000)
  to   space 9728K, 0% used [0x00000007e6880000,0x00000007e6880000,0x00000007e7200000)
 ParOldGen       total 86016K, used 6176K [0x0000000781e00000, 0x0000000787200000, 0x00000007d5f00000)
  object space 86016K, 7% used [0x0000000781e00000,0x00000007824081d0,0x0000000787200000)
 PSPermGen       total 21504K, used 7364K [0x000000077cc00000, 0x000000077e100000, 0x0000000781e00000)
  object space 21504K, 34% used [0x000000077cc00000,0x000000077d331280,0x000000077e100000)
Event: 2.514 GC heap after
Heap after GC invocations=8 (full 0):
 PSYoungGen      total 271872K, used 6904K [0x00000007d5f00000, 0x00000007e7200000, 0x0000000800000000)
  eden space 262144K, 0% used [0x00000007d5f00000,0x00000007d5f00000,0x00000007e5f00000)
  from space 9728K, 70% used [0x00000007e6880000,0x00000007e6f3e070,0x00000007e7200000)
  to   space 9728K, 0% used [0x00000007e5f00000,0x00000007e5f00000,0x00000007e6880000)
 ParOldGen       total 86016K, used 6240K [0x0000000781e00000, 0x0000000787200000, 0x00000007d5f00000)
  object space 86016K, 7% used [0x0000000781e00000,0x00000007824181d0,0x0000000787200000)
 PSPermGen       total 21504K, used 7364K [0x000000077cc00000, 0x000000077e100000, 0x0000000781e00000)
  object space 21504K, 34% used [0x000000077cc00000,0x000000077d331280,0x000000077e100000)
}

