# JRE version: Java(TM) SE Runtime Environment (7.0_45-b18) (build 1.7.0_45-b18)
# Java VM: Java HotSpot(TM) 64-Bit Server VM (24.45-b08 mixed mode windows-amd64 compressed oops)
Heap
 PSYoungGen      total 270848K, used 150791K [0x00000007d5f00000, 0x00000007e7200000, 0x0000000800000000)
  eden space 261632K, 54% used [0x00000007d5f00000,0x00000007dea89c10,0x00000007e5e80000)
  from space 9216K, 85% used [0x00000007e6800000,0x00000007e6fb8070,0x00000007e7100000)
  to   space 9728K, 0% used [0x00000007e5e80000,0x00000007e5e80000,0x00000007e6800000)
 ParOldGen       total 86016K, used 9327K [0x0000000781e00000, 0x0000000787200000, 0x00000007d5f00000)
  object space 86016K, 10% used [0x0000000781e00000,0x000000078271bc00,0x0000000787200000)
 PSPermGen       total 21504K, used 7467K [0x000000077cc00000, 0x000000077e100000, 0x0000000781e00000)
  object space 21504K, 34% used [0x000000077cc00000,0x000000077d34afd8,0x000000077e100000)
GC Heap History (10 events):
Event: 1.037 GC heap before
{Heap before GC invocations=4 (full 0):
 PSYoungGen      total 37888K, used 37309K [0x00000007d5f00000, 0x00000007da900000, 0x0000000800000000)
  eden space 32768K, 98% used [0x00000007d5f00000,0x00000007d7e77470,0x00000007d7f00000)
  from space 5120K, 99% used [0x00000007d7f00000,0x00000007d83f8040,0x00000007d8400000)
  to   space 5120K, 0% used [0x00000007da400000,0x00000007da400000,0x00000007da900000)
 ParOldGen       total 86016K, used 5271K [0x0000000781e00000, 0x0000000787200000, 0x00000007d5f00000)
  object space 86016K, 6% used [0x0000000781e00000,0x0000000782325ef0,0x0000000787200000)
 PSPermGen       total 21504K, used 7233K [0x000000077cc00000, 0x000000077e100000, 0x0000000781e00000)
  object space 21504K, 33% used [0x000000077cc00000,0x000000077d310688,0x000000077e100000)
Event: 1.039 GC heap after
Heap after GC invocations=4 (full 0):
 PSYoungGen      total 70656K, used 2112K [0x00000007d5f00000, 0x00000007da900000, 0x0000000800000000)
  eden space 65536K, 0% used [0x00000007d5f00000,0x00000007d5f00000,0x00000007d9f00000)
  from space 5120K, 41% used [0x00000007da400000,0x00000007da610010,0x00000007da900000)
  to   space 5120K, 0% used [0x00000007d9f00000,0x00000007d9f00000,0x00000007da400000)
 ParOldGen       total 86016K, used 5271K [0x0000000781e00000, 0x0000000787200000, 0x00000007d5f00000)
  object space 86016K, 6% used [0x0000000781e00000,0x0000000782325ef0,0x0000000787200000)
 PSPermGen       total 21504K, used 7233K [0x000000077cc00000, 0x000000077e100000, 0x0000000781e00000)
  object space 21504K, 33% used [0x000000077cc00000,0x000000077d310688,0x000000077e100000)
}
Event: 1.294 GC heap before
{Heap before GC invocations=5 (full 0):
 PSYoungGen      total 70656K, used 67648K [0x00000007d5f00000, 0x00000007da900000, 0x0000000800000000)
  eden space 65536K, 100% used [0x00000007d5f00000,0x00000007d9f00000,0x00000007d9f00000)
  from space 5120K, 41% used [0x00000007da400000,0x00000007da610010,0x00000007da900000)
  to   space 5120K, 0% used [0x00000007d9f00000,0x00000007d9f00000,0x00000007da400000)
 ParOldGen       total 86016K, used 5271K [0x0000000781e00000, 0x0000000787200000, 0x00000007d5f00000)
  object space 86016K, 6% used [0x0000000781e00000,0x0000000782325ef0,0x0000000787200000)
 PSPermGen       total 21504K, used 7281K [0x000000077cc00000, 0x000000077e100000, 0x0000000781e00000)
  object space 21504K, 33% used [0x000000077cc00000,0x000000077d31c6d8,0x000000077e100000)
Event: 1.298 GC heap after
Heap after GC invocations=5 (full 0):
 PSYoungGen      total 70656K, used 5088K [0x00000007d5f00000, 0x00000007df300000, 0x0000000800000000)
  eden space 65536K, 0% used [0x00000007d5f00000,0x00000007d5f00000,0x00000007d9f00000)
  from space 5120K, 99% used [0x00000007d9f00000,0x00000007da3f8040,0x00000007da400000)
  to   space 10240K, 0% used [0x00000007de900000,0x00000007de900000,0x00000007df300000)
 ParOldGen       total 86016K, used 7567K [0x0000000781e00000, 0x0000000787200000, 0x00000007d5f00000)
  object space 86016K, 8% used [0x0000000781e00000,0x0000000782563f10,0x0000000787200000)
 PSPermGen       total 21504K, used 7281K [0x000000077cc00000, 0x000000077e100000, 0x0000000781e00000)
  object space 21504K, 33% used [0x000000077cc00000,0x000000077d31c6d8,0x000000077e100000)
}
Event: 1.534 GC heap before
{Heap before GC invocations=6 (full 0):
 PSYoungGen      total 70656K, used 70624K [0x00000007d5f00000, 0x00000007df300000, 0x0000000800000000)
  eden space 65536K, 100% used [0x00000007d5f00000,0x00000007d9f00000,0x00000007d9f00000)
  from space 5120K, 99% used [0x00000007d9f00000,0x00000007da3f8040,0x00000007da400000)
  to   space 10240K, 0% used [0x00000007de900000,0x00000007de900000,0x00000007df300000)
 ParOldGen       total 86016K, used 7567K [0x0000000781e00000, 0x0000000787200000, 0x00000007d5f00000)
  object space 86016K, 8% used [0x0000000781e00000,0x0000000782563f10,0x0000000787200000)
 PSPermGen       total 21504K, used 7354K [0x000000077cc00000, 0x000000077e100000, 0x0000000781e00000)
  object space 21504K, 34% used [0x000000077cc00000,0x000000077d32e9d0,0x000000077e100000)
Event: 1.536 GC heap after
Heap after GC invocations=6 (full 0):
 PSYoungGen      total 140288K, used 6208K [0x00000007d5f00000, 0x00000007df200000, 0x0000000800000000)
  eden space 131072K, 0% used [0x00000007d5f00000,0x00000007d5f00000,0x00000007ddf00000)
  from space 9216K, 67% used [0x00000007de900000,0x00000007def10050,0x00000007df200000)
  to   space 9728K, 0% used [0x00000007ddf00000,0x00000007ddf00000,0x00000007de880000)
 ParOldGen       total 86016K, used 7575K [0x0000000781e00000, 0x0000000787200000, 0x00000007d5f00000)
  object space 86016K, 8% used [0x0000000781e00000,0x0000000782565f10,0x0000000787200000)
 PSPermGen       total 21504K, used 7354K [0x000000077cc00000, 0x000000077e100000, 0x0000000781e00000)
  object space 21504K, 34% used [0x000000077cc00000,0x000000077d32e9d0,0x000000077e100000)
}
Event: 2.006 GC heap before
{Heap before GC invocations=7 (full 0):
 PSYoungGen      total 140288K, used 137280K [0x00000007d5f00000, 0x00000007df200000, 0x0000000800000000)
  eden space 131072K, 100% used [0x00000007d5f00000,0x00000007ddf00000,0x00000007ddf00000)
  from space 9216K, 67% used [0x00000007de900000,0x00000007def10050,0x00000007df200000)
  to   space 9728K, 0% used [0x00000007ddf00000,0x00000007ddf00000,0x00000007de880000)
 ParOldGen       total 86016K, used 7575K [0x0000000781e00000, 0x0000000787200000, 0x00000007d5f00000)
  object space 86016K, 8% used [0x0000000781e00000,0x0000000782565f10,0x0000000787200000)
 PSPermGen       total 21504K, used 7364K [0x000000077cc00000, 0x000000077e100000, 0x0000000781e00000)
  object space 21504K, 34% used [0x000000077cc00000,0x000000077d331280,0x000000077e100000)
Event: 2.010 GC heap after
Heap after GC invocations=7 (full 0):
 PSYoungGen      total 140800K, used 5888K [0x00000007d5f00000, 0x00000007e7100000, 0x0000000800000000)
  eden space 131072K, 0% used [0x00000007d5f00000,0x00000007d5f00000,0x00000007ddf00000)
  from space 9728K, 60% used [0x00000007ddf00000,0x00000007de4c0050,0x00000007de880000)
  to   space 9216K, 0% used [0x00000007e6800000,0x00000007e6800000,0x00000007e7100000)
 ParOldGen       total 86016K, used 9255K [0x0000000781e00000, 0x0000000787200000, 0x00000007d5f00000)
  object space 86016K, 10% used [0x0000000781e00000,0x0000000782709c00,0x0000000787200000)
 PSPermGen       total 21504K, used 7364K [0x000000077cc00000, 0x000000077e100000, 0x0000000781e00000)
  object space 21504K, 34% used [0x000000077cc00000,0x000000077d331280,0x000000077e100000)
}
Event: 2.428 GC heap before
{Heap before GC invocations=8 (full 0):
 PSYoungGen      total 140800K, used 136960K [0x00000007d5f00000, 0x00000007e7100000, 0x0000000800000000)
  eden space 131072K, 100% used [0x00000007d5f00000,0x00000007ddf00000,0x00000007ddf00000)
  from space 9728K, 60% used [0x00000007ddf00000,0x00000007de4c0050,0x00000007de880000)
  to   space 9216K, 0% used [0x00000007e6800000,0x00000007e6800000,0x00000007e7100000)
 ParOldGen       total 86016K, used 9255K [0x0000000781e00000, 0x0000000787200000, 0x00000007d5f00000)
  object space 86016K, 10% used [0x0000000781e00000,0x0000000782709c00,0x0000000787200000)
 PSPermGen       total 21504K, used 7364K [0x000000077cc00000, 0x000000077e100000, 0x0000000781e00000)
  object space 21504K, 34% used [0x000000077cc00000,0x000000077d3312a0,0x000000077e100000)
Event: 2.431 GC heap after
Heap after GC invocations=8 (full 0):
 PSYoungGen      total 270848K, used 7904K [0x00000007d5f00000, 0x00000007e7200000, 0x0000000800000000)
  eden space 261632K, 0% used [0x00000007d5f00000,0x00000007d5f00000,0x00000007e5e80000)
  from space 9216K, 85% used [0x00000007e6800000,0x00000007e6fb8070,0x00000007e7100000)
  to   space 9728K, 0% used [0x00000007e5e80000,0x00000007e5e80000,0x00000007e6800000)
 ParOldGen       total 86016K, used 9327K [0x0000000781e00000, 0x0000000787200000, 0x00000007d5f00000)
  object space 86016K, 10% used [0x0000000781e00000,0x000000078271bc00,0x0000000787200000)
 PSPermGen       total 21504K, used 7364K [0x000000077cc00000, 0x000000077e100000, 0x0000000781e00000)
  object space 21504K, 34% used [0x000000077cc00000,0x000000077d3312a0,0x000000077e100000)
}

