# JRE version: Java(TM) SE Runtime Environment (7.0_45-b18) (build 1.7.0_45-b18)
# Java VM: Java HotSpot(TM) 64-Bit Server VM (24.45-b08 mixed mode windows-amd64 compressed oops)
Heap
 PSYoungGen      total 270848K, used 149016K [0x00000007d5f00000, 0x00000007e7000000, 0x0000000800000000)
  eden space 262144K, 54% used [0x00000007d5f00000,0x00000007dead0208,0x00000007e5f00000)
  from space 8704K, 67% used [0x00000007e6780000,0x00000007e6d36060,0x00000007e7000000)
  to   space 8704K, 0% used [0x00000007e5f00000,0x00000007e5f00000,0x00000007e6780000)
 ParOldGen       total 86016K, used 9342K [0x0000000781e00000, 0x0000000787200000, 0x00000007d5f00000)
  object space 86016K, 10% used [0x0000000781e00000,0x000000078271fa40,0x0000000787200000)
 PSPermGen       total 21504K, used 7467K [0x000000077cc00000, 0x000000077e100000, 0x0000000781e00000)
  object space 21504K, 34% used [0x000000077cc00000,0x000000077d34afd8,0x000000077e100000)
GC Heap History (10 events):
Event: 1.147 GC heap before
{Heap before GC invocations=4 (full 0):
 PSYoungGen      total 37888K, used 37325K [0x00000007d5f00000, 0x00000007da900000, 0x0000000800000000)
  eden space 32768K, 98% used [0x00000007d5f00000,0x00000007d7e77460,0x00000007d7f00000)
  from space 5120K, 99% used [0x00000007d7f00000,0x00000007d83fc050,0x00000007d8400000)
  to   space 5120K, 0% used [0x00000007da400000,0x00000007da400000,0x00000007da900000)
 ParOldGen       total 86016K, used 4235K [0x0000000781e00000, 0x0000000787200000, 0x00000007d5f00000)
  object space 86016K, 4% used [0x0000000781e00000,0x0000000782222d30,0x0000000787200000)
 PSPermGen       total 21504K, used 7233K [0x000000077cc00000, 0x000000077e100000, 0x0000000781e00000)
  object space 21504K, 33% used [0x000000077cc00000,0x000000077d310688,0x000000077e100000)
Event: 1.149 GC heap after
Heap after GC invocations=4 (full 0):
 PSYoungGen      total 70656K, used 4128K [0x00000007d5f00000, 0x00000007da900000, 0x0000000800000000)
  eden space 65536K, 0% used [0x00000007d5f00000,0x00000007d5f00000,0x00000007d9f00000)
  from space 5120K, 80% used [0x00000007da400000,0x00000007da808030,0x00000007da900000)
  to   space 5120K, 0% used [0x00000007d9f00000,0x00000007d9f00000,0x00000007da400000)
 ParOldGen       total 86016K, used 4235K [0x0000000781e00000, 0x0000000787200000, 0x00000007d5f00000)
  object space 86016K, 4% used [0x0000000781e00000,0x0000000782222d30,0x0000000787200000)
 PSPermGen       total 21504K, used 7233K [0x000000077cc00000, 0x000000077e100000, 0x0000000781e00000)
  object space 21504K, 33% used [0x000000077cc00000,0x000000077d310688,0x000000077e100000)
}
Event: 1.404 GC heap before
{Heap before GC invocations=5 (full 0):
 PSYoungGen      total 70656K, used 69664K [0x00000007d5f00000, 0x00000007da900000, 0x0000000800000000)
  eden space 65536K, 100% used [0x00000007d5f00000,0x00000007d9f00000,0x00000007d9f00000)
  from space 5120K, 80% used [0x00000007da400000,0x00000007da808030,0x00000007da900000)
  to   space 5120K, 0% used [0x00000007d9f00000,0x00000007d9f00000,0x00000007da400000)
 ParOldGen       total 86016K, used 4235K [0x0000000781e00000, 0x0000000787200000, 0x00000007d5f00000)
  object space 86016K, 4% used [0x0000000781e00000,0x0000000782222d30,0x0000000787200000)
 PSPermGen       total 21504K, used 7281K [0x000000077cc00000, 0x000000077e100000, 0x0000000781e00000)
  object space 21504K, 33% used [0x000000077cc00000,0x000000077d31c6d8,0x000000077e100000)
Event: 1.408 GC heap after
Heap after GC invocations=5 (full 0):
 PSYoungGen      total 70656K, used 5088K [0x00000007d5f00000, 0x00000007df000000, 0x0000000800000000)
  eden space 65536K, 0% used [0x00000007d5f00000,0x00000007d5f00000,0x00000007d9f00000)
  from space 5120K, 99% used [0x00000007d9f00000,0x00000007da3f8040,0x00000007da400000)
  to   space 8704K, 0% used [0x00000007de780000,0x00000007de780000,0x00000007df000000)
 ParOldGen       total 86016K, used 6555K [0x0000000781e00000, 0x0000000787200000, 0x00000007d5f00000)
  object space 86016K, 7% used [0x0000000781e00000,0x0000000782466d50,0x0000000787200000)
 PSPermGen       total 21504K, used 7281K [0x000000077cc00000, 0x000000077e100000, 0x0000000781e00000)
  object space 21504K, 33% used [0x000000077cc00000,0x000000077d31c6d8,0x000000077e100000)
}
Event: 1.644 GC heap before
{Heap before GC invocations=6 (full 0):
 PSYoungGen      total 70656K, used 70624K [0x00000007d5f00000, 0x00000007df000000, 0x0000000800000000)
  eden space 65536K, 100% used [0x00000007d5f00000,0x00000007d9f00000,0x00000007d9f00000)
  from space 5120K, 99% used [0x00000007d9f00000,0x00000007da3f8040,0x00000007da400000)
  to   space 8704K, 0% used [0x00000007de780000,0x00000007de780000,0x00000007df000000)
 ParOldGen       total 86016K, used 6555K [0x0000000781e00000, 0x0000000787200000, 0x00000007d5f00000)
  object space 86016K, 7% used [0x0000000781e00000,0x0000000782466d50,0x0000000787200000)
 PSPermGen       total 21504K, used 7353K [0x000000077cc00000, 0x000000077e100000, 0x0000000781e00000)
  object space 21504K, 34% used [0x000000077cc00000,0x000000077d32e5b8,0x000000077e100000)
Event: 1.647 GC heap after
Heap after GC invocations=6 (full 0):
 PSYoungGen      total 139776K, used 7200K [0x00000007d5f00000, 0x00000007df000000, 0x0000000800000000)
  eden space 131072K, 0% used [0x00000007d5f00000,0x00000007d5f00000,0x00000007ddf00000)
  from space 8704K, 82% used [0x00000007de780000,0x00000007dee88060,0x00000007df000000)
  to   space 8704K, 0% used [0x00000007ddf00000,0x00000007ddf00000,0x00000007de780000)
 ParOldGen       total 86016K, used 6563K [0x0000000781e00000, 0x0000000787200000, 0x00000007d5f00000)
  object space 86016K, 7% used [0x0000000781e00000,0x0000000782468d50,0x0000000787200000)
 PSPermGen       total 21504K, used 7353K [0x000000077cc00000, 0x000000077e100000, 0x0000000781e00000)
  object space 21504K, 34% used [0x000000077cc00000,0x000000077d32e5b8,0x000000077e100000)
}
Event: 2.111 GC heap before
{Heap before GC invocations=7 (full 0):
 PSYoungGen      total 139776K, used 138272K [0x00000007d5f00000, 0x00000007df000000, 0x0000000800000000)
  eden space 131072K, 100% used [0x00000007d5f00000,0x00000007ddf00000,0x00000007ddf00000)
  from space 8704K, 82% used [0x00000007de780000,0x00000007dee88060,0x00000007df000000)
  to   space 8704K, 0% used [0x00000007ddf00000,0x00000007ddf00000,0x00000007de780000)
 ParOldGen       total 86016K, used 6563K [0x0000000781e00000, 0x0000000787200000, 0x00000007d5f00000)
  object space 86016K, 7% used [0x0000000781e00000,0x0000000782468d50,0x0000000787200000)
 PSPermGen       total 21504K, used 7364K [0x000000077cc00000, 0x000000077e100000, 0x0000000781e00000)
  object space 21504K, 34% used [0x000000077cc00000,0x000000077d331280,0x000000077e100000)
Event: 2.115 GC heap after
Heap after GC invocations=7 (full 0):
 PSYoungGen      total 139776K, used 5920K [0x00000007d5f00000, 0x00000007e7000000, 0x0000000800000000)
  eden space 131072K, 0% used [0x00000007d5f00000,0x00000007d5f00000,0x00000007ddf00000)
  from space 8704K, 68% used [0x00000007ddf00000,0x00000007de4c8050,0x00000007de780000)
  to   space 8704K, 0% used [0x00000007e6780000,0x00000007e6780000,0x00000007e7000000)
 ParOldGen       total 86016K, used 8246K [0x0000000781e00000, 0x0000000787200000, 0x00000007d5f00000)
  object space 86016K, 9% used [0x0000000781e00000,0x000000078260da30,0x0000000787200000)
 PSPermGen       total 21504K, used 7364K [0x000000077cc00000, 0x000000077e100000, 0x0000000781e00000)
  object space 21504K, 34% used [0x000000077cc00000,0x000000077d331280,0x000000077e100000)
}
Event: 2.535 GC heap before
{Heap before GC invocations=8 (full 0):
 PSYoungGen      total 139776K, used 136992K [0x00000007d5f00000, 0x00000007e7000000, 0x0000000800000000)
  eden space 131072K, 100% used [0x00000007d5f00000,0x00000007ddf00000,0x00000007ddf00000)
  from space 8704K, 68% used [0x00000007ddf00000,0x00000007de4c8050,0x00000007de780000)
  to   space 8704K, 0% used [0x00000007e6780000,0x00000007e6780000,0x00000007e7000000)
 ParOldGen       total 86016K, used 8246K [0x0000000781e00000, 0x0000000787200000, 0x00000007d5f00000)
  object space 86016K, 9% used [0x0000000781e00000,0x000000078260da30,0x0000000787200000)
 PSPermGen       total 21504K, used 7364K [0x000000077cc00000, 0x000000077e100000, 0x0000000781e00000)
  object space 21504K, 34% used [0x000000077cc00000,0x000000077d3312a0,0x000000077e100000)
Event: 2.537 GC heap after
Heap after GC invocations=8 (full 0):
 PSYoungGen      total 270848K, used 5848K [0x00000007d5f00000, 0x00000007e7000000, 0x0000000800000000)
  eden space 262144K, 0% used [0x00000007d5f00000,0x00000007d5f00000,0x00000007e5f00000)
  from space 8704K, 67% used [0x00000007e6780000,0x00000007e6d36060,0x00000007e7000000)
  to   space 8704K, 0% used [0x00000007e5f00000,0x00000007e5f00000,0x00000007e6780000)
 ParOldGen       total 86016K, used 9342K [0x0000000781e00000, 0x0000000787200000, 0x00000007d5f00000)
  object space 86016K, 10% used [0x0000000781e00000,0x000000078271fa40,0x0000000787200000)
 PSPermGen       total 21504K, used 7364K [0x000000077cc00000, 0x000000077e100000, 0x0000000781e00000)
  object space 21504K, 34% used [0x000000077cc00000,0x000000077d3312a0,0x000000077e100000)
}

