# JRE version: Java(TM) SE Runtime Environment (7.0_45-b18) (build 1.7.0_45-b18)
# Java VM: Java HotSpot(TM) 64-Bit Server VM (24.45-b08 mixed mode windows-amd64 compressed oops)
Heap
 PSYoungGen      total 269824K, used 150593K [0x00000007d5f00000, 0x00000007e6f00000, 0x0000000800000000)
  eden space 261120K, 55% used [0x00000007d5f00000,0x00000007deb52750,0x00000007e5e00000)
  from space 8704K, 79% used [0x00000007e6680000,0x00000007e6d3e070,0x00000007e6f00000)
  to   space 8704K, 0% used [0x00000007e5e00000,0x00000007e5e00000,0x00000007e6680000)
 ParOldGen       total 86016K, used 6238K [0x0000000781e00000, 0x0000000787200000, 0x00000007d5f00000)
  object space 86016K, 7% used [0x0000000781e00000,0x00000007824178c0,0x0000000787200000)
 PSPermGen       total 21504K, used 7467K [0x000000077cc00000, 0x000000077e100000, 0x0000000781e00000)
  object space 21504K, 34% used [0x000000077cc00000,0x000000077d34afd8,0x000000077e100000)
GC Heap History (10 events):
Event: 1.081 GC heap before
{Heap before GC invocations=4 (full 0):
 PSYoungGen      total 37888K, used 37325K [0x00000007d5f00000, 0x00000007da900000, 0x0000000800000000)
  eden space 32768K, 98% used [0x00000007d5f00000,0x00000007d7e774d8,0x00000007d7f00000)
  from space 5120K, 99% used [0x00000007d7f00000,0x00000007d83fc050,0x00000007d8400000)
  to   space 5120K, 0% used [0x00000007da400000,0x00000007da400000,0x00000007da900000)
 ParOldGen       total 86016K, used 4218K [0x0000000781e00000, 0x0000000787200000, 0x00000007d5f00000)
  object space 86016K, 4% used [0x0000000781e00000,0x000000078221ebe0,0x0000000787200000)
 PSPermGen       total 21504K, used 7233K [0x000000077cc00000, 0x000000077e100000, 0x0000000781e00000)
  object space 21504K, 33% used [0x000000077cc00000,0x000000077d310688,0x000000077e100000)
Event: 1.082 GC heap after
Heap after GC invocations=4 (full 0):
 PSYoungGen      total 70656K, used 2080K [0x00000007d5f00000, 0x00000007da900000, 0x0000000800000000)
  eden space 65536K, 0% used [0x00000007d5f00000,0x00000007d5f00000,0x00000007d9f00000)
  from space 5120K, 40% used [0x00000007da400000,0x00000007da608010,0x00000007da900000)
  to   space 5120K, 0% used [0x00000007d9f00000,0x00000007d9f00000,0x00000007da400000)
 ParOldGen       total 86016K, used 4218K [0x0000000781e00000, 0x0000000787200000, 0x00000007d5f00000)
  object space 86016K, 4% used [0x0000000781e00000,0x000000078221ebe0,0x0000000787200000)
 PSPermGen       total 21504K, used 7233K [0x000000077cc00000, 0x000000077e100000, 0x0000000781e00000)
  object space 21504K, 33% used [0x000000077cc00000,0x000000077d310688,0x000000077e100000)
}
Event: 1.336 GC heap before
{Heap before GC invocations=5 (full 0):
 PSYoungGen      total 70656K, used 67616K [0x00000007d5f00000, 0x00000007da900000, 0x0000000800000000)
  eden space 65536K, 100% used [0x00000007d5f00000,0x00000007d9f00000,0x00000007d9f00000)
  from space 5120K, 40% used [0x00000007da400000,0x00000007da608010,0x00000007da900000)
  to   space 5120K, 0% used [0x00000007d9f00000,0x00000007d9f00000,0x00000007da400000)
 ParOldGen       total 86016K, used 4218K [0x0000000781e00000, 0x0000000787200000, 0x00000007d5f00000)
  object space 86016K, 4% used [0x0000000781e00000,0x000000078221ebe0,0x0000000787200000)
 PSPermGen       total 21504K, used 7281K [0x000000077cc00000, 0x000000077e100000, 0x0000000781e00000)
  object space 21504K, 33% used [0x000000077cc00000,0x000000077d31c6d8,0x000000077e100000)
Event: 1.339 GC heap after
Heap after GC invocations=5 (full 0):
 PSYoungGen      total 70656K, used 5104K [0x00000007d5f00000, 0x00000007def00000, 0x0000000800000000)
  eden space 65536K, 0% used [0x00000007d5f00000,0x00000007d5f00000,0x00000007d9f00000)
  from space 5120K, 99% used [0x00000007d9f00000,0x00000007da3fc050,0x00000007da400000)
  to   space 8192K, 0% used [0x00000007de700000,0x00000007de700000,0x00000007def00000)
 ParOldGen       total 86016K, used 4442K [0x0000000781e00000, 0x0000000787200000, 0x00000007d5f00000)
  object space 86016K, 5% used [0x0000000781e00000,0x0000000782256be0,0x0000000787200000)
 PSPermGen       total 21504K, used 7281K [0x000000077cc00000, 0x000000077e100000, 0x0000000781e00000)
  object space 21504K, 33% used [0x000000077cc00000,0x000000077d31c6d8,0x000000077e100000)
}
Event: 1.574 GC heap before
{Heap before GC invocations=6 (full 0):
 PSYoungGen      total 70656K, used 70640K [0x00000007d5f00000, 0x00000007def00000, 0x0000000800000000)
  eden space 65536K, 100% used [0x00000007d5f00000,0x00000007d9f00000,0x00000007d9f00000)
  from space 5120K, 99% used [0x00000007d9f00000,0x00000007da3fc050,0x00000007da400000)
  to   space 8192K, 0% used [0x00000007de700000,0x00000007de700000,0x00000007def00000)
 ParOldGen       total 86016K, used 4442K [0x0000000781e00000, 0x0000000787200000, 0x00000007d5f00000)
  object space 86016K, 5% used [0x0000000781e00000,0x0000000782256be0,0x0000000787200000)
 PSPermGen       total 21504K, used 7352K [0x000000077cc00000, 0x000000077e100000, 0x0000000781e00000)
  object space 21504K, 34% used [0x000000077cc00000,0x000000077d32e3a0,0x000000077e100000)
Event: 1.576 GC heap after
Heap after GC invocations=6 (full 0):
 PSYoungGen      total 138752K, used 6208K [0x00000007d5f00000, 0x00000007df000000, 0x0000000800000000)
  eden space 130560K, 0% used [0x00000007d5f00000,0x00000007d5f00000,0x00000007dde80000)
  from space 8192K, 75% used [0x00000007de700000,0x00000007ded10050,0x00000007def00000)
  to   space 8704K, 0% used [0x00000007dde80000,0x00000007dde80000,0x00000007de700000)
 ParOldGen       total 86016K, used 4450K [0x0000000781e00000, 0x0000000787200000, 0x00000007d5f00000)
  object space 86016K, 5% used [0x0000000781e00000,0x0000000782258be0,0x0000000787200000)
 PSPermGen       total 21504K, used 7352K [0x000000077cc00000, 0x000000077e100000, 0x0000000781e00000)
  object space 21504K, 34% used [0x000000077cc00000,0x000000077d32e3a0,0x000000077e100000)
}
Event: 2.037 GC heap before
{Heap before GC invocations=7 (full 0):
 PSYoungGen      total 138752K, used 136768K [0x00000007d5f00000, 0x00000007df000000, 0x0000000800000000)
  eden space 130560K, 100% used [0x00000007d5f00000,0x00000007dde80000,0x00000007dde80000)
  from space 8192K, 75% used [0x00000007de700000,0x00000007ded10050,0x00000007def00000)
  to   space 8704K, 0% used [0x00000007dde80000,0x00000007dde80000,0x00000007de700000)
 ParOldGen       total 86016K, used 4450K [0x0000000781e00000, 0x0000000787200000, 0x00000007d5f00000)
  object space 86016K, 5% used [0x0000000781e00000,0x0000000782258be0,0x0000000787200000)
 PSPermGen       total 21504K, used 7364K [0x000000077cc00000, 0x000000077e100000, 0x0000000781e00000)
  object space 21504K, 34% used [0x000000077cc00000,0x000000077d331280,0x000000077e100000)
Event: 2.041 GC heap after
Heap after GC invocations=7 (full 0):
 PSYoungGen      total 139264K, used 3840K [0x00000007d5f00000, 0x00000007e6f00000, 0x0000000800000000)
  eden space 130560K, 0% used [0x00000007d5f00000,0x00000007d5f00000,0x00000007dde80000)
  from space 8704K, 44% used [0x00000007dde80000,0x00000007de240030,0x00000007de700000)
  to   space 8704K, 0% used [0x00000007e6680000,0x00000007e6680000,0x00000007e6f00000)
 ParOldGen       total 86016K, used 6174K [0x0000000781e00000, 0x0000000787200000, 0x00000007d5f00000)
  object space 86016K, 7% used [0x0000000781e00000,0x00000007824078c0,0x0000000787200000)
 PSPermGen       total 21504K, used 7364K [0x000000077cc00000, 0x000000077e100000, 0x0000000781e00000)
  object space 21504K, 34% used [0x000000077cc00000,0x000000077d331280,0x000000077e100000)
}
Event: 2.458 GC heap before
{Heap before GC invocations=8 (full 0):
 PSYoungGen      total 139264K, used 134400K [0x00000007d5f00000, 0x00000007e6f00000, 0x0000000800000000)
  eden space 130560K, 100% used [0x00000007d5f00000,0x00000007dde80000,0x00000007dde80000)
  from space 8704K, 44% used [0x00000007dde80000,0x00000007de240030,0x00000007de700000)
  to   space 8704K, 0% used [0x00000007e6680000,0x00000007e6680000,0x00000007e6f00000)
 ParOldGen       total 86016K, used 6174K [0x0000000781e00000, 0x0000000787200000, 0x00000007d5f00000)
  object space 86016K, 7% used [0x0000000781e00000,0x00000007824078c0,0x0000000787200000)
 PSPermGen       total 21504K, used 7364K [0x000000077cc00000, 0x000000077e100000, 0x0000000781e00000)
  object space 21504K, 34% used [0x000000077cc00000,0x000000077d3312a0,0x000000077e100000)
Event: 2.460 GC heap after
Heap after GC invocations=8 (full 0):
 PSYoungGen      total 269824K, used 6904K [0x00000007d5f00000, 0x00000007e6f00000, 0x0000000800000000)
  eden space 261120K, 0% used [0x00000007d5f00000,0x00000007d5f00000,0x00000007e5e00000)
  from space 8704K, 79% used [0x00000007e6680000,0x00000007e6d3e070,0x00000007e6f00000)
  to   space 8704K, 0% used [0x00000007e5e00000,0x00000007e5e00000,0x00000007e6680000)
 ParOldGen       total 86016K, used 6238K [0x0000000781e00000, 0x0000000787200000, 0x00000007d5f00000)
  object space 86016K, 7% used [0x0000000781e00000,0x00000007824178c0,0x0000000787200000)
 PSPermGen       total 21504K, used 7364K [0x000000077cc00000, 0x000000077e100000, 0x0000000781e00000)
  object space 21504K, 34% used [0x000000077cc00000,0x000000077d3312a0,0x000000077e100000)
}

